f:\opencv\trafficsignrecognition\trafficsignrecognition\debug\trafficsignrecognition.pch
f:\opencv\trafficsignrecognition\trafficsignrecognition\debug\vc140.pdb
f:\opencv\trafficsignrecognition\trafficsignrecognition\debug\vc140.idb
f:\opencv\trafficsignrecognition\trafficsignrecognition\debug\stdafx.obj
f:\opencv\trafficsignrecognition\trafficsignrecognition\debug\cvvimage.obj
f:\opencv\trafficsignrecognition\trafficsignrecognition\debug\dlgtab1.obj
f:\opencv\trafficsignrecognition\trafficsignrecognition\debug\dlgtab2.obj
f:\opencv\trafficsignrecognition\trafficsignrecognition\debug\dlgtab3.obj
f:\opencv\trafficsignrecognition\trafficsignrecognition\debug\trafficsignrecognition.obj
f:\opencv\trafficsignrecognition\trafficsignrecognition\debug\trafficsignrecognitiondlg.obj
f:\opencv\trafficsignrecognition\trafficsignrecognition\debug\trafficsignrecognitionmain.obj
f:\opencv\trafficsignrecognition\debug\trafficsignrecognition.ilk
f:\opencv\trafficsignrecognition\debug\trafficsignrecognition.exe
f:\opencv\trafficsignrecognition\debug\trafficsignrecognition.pdb
f:\opencv\trafficsignrecognition\trafficsignrecognition\debug\trafficsignrecognition.res
f:\opencv\trafficsignrecognition\trafficsignrecognition\debug\traffics.9c3556ed.tlog\cl.command.1.tlog
f:\opencv\trafficsignrecognition\trafficsignrecognition\debug\traffics.9c3556ed.tlog\cl.read.1.tlog
f:\opencv\trafficsignrecognition\trafficsignrecognition\debug\traffics.9c3556ed.tlog\cl.write.1.tlog
f:\opencv\trafficsignrecognition\trafficsignrecognition\debug\traffics.9c3556ed.tlog\link.command.1.tlog
f:\opencv\trafficsignrecognition\trafficsignrecognition\debug\traffics.9c3556ed.tlog\link.read.1.tlog
f:\opencv\trafficsignrecognition\trafficsignrecognition\debug\traffics.9c3556ed.tlog\link.write.1.tlog
f:\opencv\trafficsignrecognition\trafficsignrecognition\debug\traffics.9c3556ed.tlog\rc.command.1.tlog
f:\opencv\trafficsignrecognition\trafficsignrecognition\debug\traffics.9c3556ed.tlog\rc.read.1.tlog
f:\opencv\trafficsignrecognition\trafficsignrecognition\debug\traffics.9c3556ed.tlog\rc.write.1.tlog
